<?xml version="1.0" encoding="UTF-8"?>
<!-- Generated by org.testng.reporters.JUnitReportReporter -->
<testsuite hostname="DSCHD-PC-CB-77" failures="0" tests="1" name="sample.TestIntegration" time="61.149" errors="0" timestamp="2020-12-30T15:36:19 IST" skipped="0">
  <testcase classname="sample.TestIntegration" name="IntegrationToken" time="61.149"/>
  <system-out/>
</testsuite> <!-- sample.TestIntegration -->
