<?xml version="1.0" encoding="UTF-8"?>
<!-- Generated by org.testng.reporters.JUnitReportReporter -->
<testsuite hostname="DSCHD-PC-CB-77" failures="0" tests="2" name="TestPractice" time="0.015" errors="0" timestamp="2020-12-30T12:01:26 IST" skipped="0">
  <testcase classname="TestPractice" name="test1" time="0.014"/>
  <system-out/>
  <testcase classname="TestPractice" name="test2" time="0.001"/>
  <system-out/>
</testsuite> <!-- TestPractice -->
