<?xml version="1.0" encoding="UTF-8"?>
<!-- Generated by org.testng.reporters.JUnitReportReporter -->
<testsuite hostname="DSCHD-PC-CB-77" failures="0" tests="1" name="TestIntegration" time="0.000" errors="0" timestamp="2020-12-30T10:31:21 IST" skipped="1">
  <testcase classname="TestIntegration" name="IntegrationToken" time="0.000">
    <skipped/>
  </testcase> <!-- IntegrationToken -->
  <system-out/>
</testsuite> <!-- TestIntegration -->
